[2015-09-01 00:22:49] local.ERROR: exception 'Symfony\Component\Debug\Exception\FatalErrorException' with message 'Class 'Schemma' not found' in C:\xampp\htdocs\Base\database\migrations\2015_09_01_000710_create_table_ciudad.php:15
Stack trace:
#0 C:\xampp\htdocs\Base\vendor\laravel\framework\src\Illuminate\Foundation\Bootstrap\HandleExceptions.php(131): Symfony\Component\Debug\Exception\FatalErrorException->__construct()
#1 C:\xampp\htdocs\Base\vendor\laravel\framework\src\Illuminate\Foundation\Bootstrap\HandleExceptions.php(116): Illuminate\Foundation\Bootstrap\HandleExceptions->fatalExceptionFromError()
#2 C:\xampp\htdocs\Base\vendor\laravel\framework\src\Illuminate\Foundation\Bootstrap\HandleExceptions.php(0): Illuminate\Foundation\Bootstrap\HandleExceptions->handleShutdown()
#3 C:\xampp\htdocs\Base\vendor\laravel\framework\src\Illuminate\Database\Migrations\Migrator.php(135): CreateTableCiudad->up()
#4 C:\xampp\htdocs\Base\vendor\laravel\framework\src\Illuminate\Database\Migrations\Migrator.php(111): Illuminate\Database\Migrations\Migrator->runUp()
#5 C:\xampp\htdocs\Base\vendor\laravel\framework\src\Illuminate\Database\Migrations\Migrator.php(82): Illuminate\Database\Migrations\Migrator->runMigrationList()
#6 C:\xampp\htdocs\Base\vendor\laravel\framework\src\Illuminate\Database\Console\Migrations\MigrateCommand.php(73): Illuminate\Database\Migrations\Migrator->run()
#7 C:\xampp\htdocs\Base\vendor\laravel\framework\src\Illuminate\Container\Container.php(526): Illuminate\Database\Console\Migrations\MigrateCommand->fire()
#8 C:\xampp\htdocs\Base\vendor\laravel\framework\src\Illuminate\Container\Container.php(526): call_user_func_array:{C:\xampp\htdocs\Base\vendor\laravel\framework\src\Illuminate\Container\Container.php:526}()
#9 C:\xampp\htdocs\Base\vendor\laravel\framework\src\Illuminate\Console\Command.php(115): Illuminate\Container\Container->call()
#10 C:\xampp\htdocs\Base\vendor\symfony\console\Symfony\Component\Console\Command\Command.php(257): Illuminate\Console\Command->execute()
#11 C:\xampp\htdocs\Base\vendor\laravel\framework\src\Illuminate\Console\Command.php(101): Symfony\Component\Console\Command\Command->run()
#12 C:\xampp\htdocs\Base\vendor\symfony\console\Symfony\Component\Console\Application.php(874): Illuminate\Console\Command->run()
#13 C:\xampp\htdocs\Base\vendor\symfony\console\Symfony\Component\Console\Application.php(195): Symfony\Component\Console\Application->doRunCommand()
#14 C:\xampp\htdocs\Base\vendor\symfony\console\Symfony\Component\Console\Application.php(126): Symfony\Component\Console\Application->doRun()
#15 C:\xampp\htdocs\Base\vendor\laravel\framework\src\Illuminate\Foundation\Console\Kernel.php(94): Symfony\Component\Console\Application->run()
#16 C:\xampp\htdocs\Base\artisan(36): Illuminate\Foundation\Console\Kernel->handle()
#17 C:\xampp\htdocs\Base\artisan(0): {main}()
#18 {main}  
[2015-09-01 00:23:12] local.ERROR: exception 'PDOException' with message 'SQLSTATE[42S01]: Base table or view already exists: 1050 Table 'migrations' already exists' in C:\xampp\htdocs\Base\vendor\laravel\framework\src\Illuminate\Database\Connection.php:362
Stack trace:
#0 C:\xampp\htdocs\Base\vendor\laravel\framework\src\Illuminate\Database\Connection.php(362): PDOStatement->execute(Array)
#1 C:\xampp\htdocs\Base\vendor\laravel\framework\src\Illuminate\Database\Connection.php(616): Illuminate\Database\Connection->Illuminate\Database\{closure}(Object(Illuminate\Database\MySqlConnection), 'create table `m...', Array)
#2 C:\xampp\htdocs\Base\vendor\laravel\framework\src\Illuminate\Database\Connection.php(580): Illuminate\Database\Connection->runQueryCallback('create table `m...', Array, Object(Closure))
#3 C:\xampp\htdocs\Base\vendor\laravel\framework\src\Illuminate\Database\Connection.php(363): Illuminate\Database\Connection->run('create table `m...', Array, Object(Closure))
#4 C:\xampp\htdocs\Base\vendor\laravel\framework\src\Illuminate\Database\Schema\Blueprint.php(63): Illuminate\Database\Connection->statement('create table `m...')
#5 C:\xampp\htdocs\Base\vendor\laravel\framework\src\Illuminate\Database\Schema\Builder.php(188): Illuminate\Database\Schema\Blueprint->build(Object(Illuminate\Database\MySqlConnection), Object(Illuminate\Database\Schema\Grammars\MySqlGrammar))
#6 C:\xampp\htdocs\Base\vendor\laravel\framework\src\Illuminate\Database\Schema\Builder.php(131): Illuminate\Database\Schema\Builder->build(Object(Illuminate\Database\Schema\Blueprint))
#7 C:\xampp\htdocs\Base\vendor\laravel\framework\src\Illuminate\Database\Migrations\DatabaseMigrationRepository.php(125): Illuminate\Database\Schema\Builder->create('migrations', Object(Closure))
#8 C:\xampp\htdocs\Base\vendor\laravel\framework\src\Illuminate\Database\Console\Migrations\InstallCommand.php(52): Illuminate\Database\Migrations\DatabaseMigrationRepository->createRepository()
#9 [internal function]: Illuminate\Database\Console\Migrations\InstallCommand->fire()
#10 C:\xampp\htdocs\Base\vendor\laravel\framework\src\Illuminate\Container\Container.php(526): call_user_func_array(Array, Array)
#11 C:\xampp\htdocs\Base\vendor\laravel\framework\src\Illuminate\Console\Command.php(115): Illuminate\Container\Container->call(Array)
#12 C:\xampp\htdocs\Base\vendor\symfony\console\Symfony\Component\Console\Command\Command.php(257): Illuminate\Console\Command->execute(Object(Symfony\Component\Console\Input\ArgvInput), Object(Symfony\Component\Console\Output\ConsoleOutput))
#13 C:\xampp\htdocs\Base\vendor\laravel\framework\src\Illuminate\Console\Command.php(101): Symfony\Component\Console\Command\Command->run(Object(Symfony\Component\Console\Input\ArgvInput), Object(Symfony\Component\Console\Output\ConsoleOutput))
#14 C:\xampp\htdocs\Base\vendor\symfony\console\Symfony\Component\Console\Application.php(874): Illuminate\Console\Command->run(Object(Symfony\Component\Console\Input\ArgvInput), Object(Symfony\Component\Console\Output\ConsoleOutput))
#15 C:\xampp\htdocs\Base\vendor\symfony\console\Symfony\Component\Console\Application.php(195): Symfony\Component\Console\Application->doRunCommand(Object(Illuminate\Database\Console\Migrations\InstallCommand), Object(Symfony\Component\Console\Input\ArgvInput), Object(Symfony\Component\Console\Output\ConsoleOutput))
#16 C:\xampp\htdocs\Base\vendor\symfony\console\Symfony\Component\Console\Application.php(126): Symfony\Component\Console\Application->doRun(Object(Symfony\Component\Console\Input\ArgvInput), Object(Symfony\Component\Console\Output\ConsoleOutput))
#17 C:\xampp\htdocs\Base\vendor\laravel\framework\src\Illuminate\Foundation\Console\Kernel.php(94): Symfony\Component\Console\Application->run(Object(Symfony\Component\Console\Input\ArgvInput), Object(Symfony\Component\Console\Output\ConsoleOutput))
#18 C:\xampp\htdocs\Base\artisan(36): Illuminate\Foundation\Console\Kernel->handle(Object(Symfony\Component\Console\Input\ArgvInput), Object(Symfony\Component\Console\Output\ConsoleOutput))
#19 {main}

Next exception 'Illuminate\Database\QueryException' with message 'SQLSTATE[42S01]: Base table or view already exists: 1050 Table 'migrations' already exists (SQL: create table `migrations` (`migration` varchar(255) not null, `batch` int not null) default character set utf8 collate utf8_unicode_ci)' in C:\xampp\htdocs\Base\vendor\laravel\framework\src\Illuminate\Database\Connection.php:624
Stack trace:
#0 C:\xampp\htdocs\Base\vendor\laravel\framework\src\Illuminate\Database\Connection.php(580): Illuminate\Database\Connection->runQueryCallback('create table `m...', Array, Object(Closure))
#1 C:\xampp\htdocs\Base\vendor\laravel\framework\src\Illuminate\Database\Connection.php(363): Illuminate\Database\Connection->run('create table `m...', Array, Object(Closure))
#2 C:\xampp\htdocs\Base\vendor\laravel\framework\src\Illuminate\Database\Schema\Blueprint.php(63): Illuminate\Database\Connection->statement('create table `m...')
#3 C:\xampp\htdocs\Base\vendor\laravel\framework\src\Illuminate\Database\Schema\Builder.php(188): Illuminate\Database\Schema\Blueprint->build(Object(Illuminate\Database\MySqlConnection), Object(Illuminate\Database\Schema\Grammars\MySqlGrammar))
#4 C:\xampp\htdocs\Base\vendor\laravel\framework\src\Illuminate\Database\Schema\Builder.php(131): Illuminate\Database\Schema\Builder->build(Object(Illuminate\Database\Schema\Blueprint))
#5 C:\xampp\htdocs\Base\vendor\laravel\framework\src\Illuminate\Database\Migrations\DatabaseMigrationRepository.php(125): Illuminate\Database\Schema\Builder->create('migrations', Object(Closure))
#6 C:\xampp\htdocs\Base\vendor\laravel\framework\src\Illuminate\Database\Console\Migrations\InstallCommand.php(52): Illuminate\Database\Migrations\DatabaseMigrationRepository->createRepository()
#7 [internal function]: Illuminate\Database\Console\Migrations\InstallCommand->fire()
#8 C:\xampp\htdocs\Base\vendor\laravel\framework\src\Illuminate\Container\Container.php(526): call_user_func_array(Array, Array)
#9 C:\xampp\htdocs\Base\vendor\laravel\framework\src\Illuminate\Console\Command.php(115): Illuminate\Container\Container->call(Array)
#10 C:\xampp\htdocs\Base\vendor\symfony\console\Symfony\Component\Console\Command\Command.php(257): Illuminate\Console\Command->execute(Object(Symfony\Component\Console\Input\ArgvInput), Object(Symfony\Component\Console\Output\ConsoleOutput))
#11 C:\xampp\htdocs\Base\vendor\laravel\framework\src\Illuminate\Console\Command.php(101): Symfony\Component\Console\Command\Command->run(Object(Symfony\Component\Console\Input\ArgvInput), Object(Symfony\Component\Console\Output\ConsoleOutput))
#12 C:\xampp\htdocs\Base\vendor\symfony\console\Symfony\Component\Console\Application.php(874): Illuminate\Console\Command->run(Object(Symfony\Component\Console\Input\ArgvInput), Object(Symfony\Component\Console\Output\ConsoleOutput))
#13 C:\xampp\htdocs\Base\vendor\symfony\console\Symfony\Component\Console\Application.php(195): Symfony\Component\Console\Application->doRunCommand(Object(Illuminate\Database\Console\Migrations\InstallCommand), Object(Symfony\Component\Console\Input\ArgvInput), Object(Symfony\Component\Console\Output\ConsoleOutput))
#14 C:\xampp\htdocs\Base\vendor\symfony\console\Symfony\Component\Console\Application.php(126): Symfony\Component\Console\Application->doRun(Object(Symfony\Component\Console\Input\ArgvInput), Object(Symfony\Component\Console\Output\ConsoleOutput))
#15 C:\xampp\htdocs\Base\vendor\laravel\framework\src\Illuminate\Foundation\Console\Kernel.php(94): Symfony\Component\Console\Application->run(Object(Symfony\Component\Console\Input\ArgvInput), Object(Symfony\Component\Console\Output\ConsoleOutput))
#16 C:\xampp\htdocs\Base\artisan(36): Illuminate\Foundation\Console\Kernel->handle(Object(Symfony\Component\Console\Input\ArgvInput), Object(Symfony\Component\Console\Output\ConsoleOutput))
#17 {main}  
[2015-09-01 00:23:48] local.ERROR: exception 'Symfony\Component\Debug\Exception\FatalErrorException' with message 'Class 'Schemma' not found' in C:\xampp\htdocs\Base\database\migrations\2015_09_01_000710_create_table_ciudad.php:15
Stack trace:
#0 C:\xampp\htdocs\Base\vendor\laravel\framework\src\Illuminate\Foundation\Bootstrap\HandleExceptions.php(131): Symfony\Component\Debug\Exception\FatalErrorException->__construct()
#1 C:\xampp\htdocs\Base\vendor\laravel\framework\src\Illuminate\Foundation\Bootstrap\HandleExceptions.php(116): Illuminate\Foundation\Bootstrap\HandleExceptions->fatalExceptionFromError()
#2 C:\xampp\htdocs\Base\vendor\laravel\framework\src\Illuminate\Foundation\Bootstrap\HandleExceptions.php(0): Illuminate\Foundation\Bootstrap\HandleExceptions->handleShutdown()
#3 C:\xampp\htdocs\Base\vendor\laravel\framework\src\Illuminate\Database\Migrations\Migrator.php(135): CreateTableCiudad->up()
#4 C:\xampp\htdocs\Base\vendor\laravel\framework\src\Illuminate\Database\Migrations\Migrator.php(111): Illuminate\Database\Migrations\Migrator->runUp()
#5 C:\xampp\htdocs\Base\vendor\laravel\framework\src\Illuminate\Database\Migrations\Migrator.php(82): Illuminate\Database\Migrations\Migrator->runMigrationList()
#6 C:\xampp\htdocs\Base\vendor\laravel\framework\src\Illuminate\Database\Console\Migrations\MigrateCommand.php(73): Illuminate\Database\Migrations\Migrator->run()
#7 C:\xampp\htdocs\Base\vendor\laravel\framework\src\Illuminate\Container\Container.php(526): Illuminate\Database\Console\Migrations\MigrateCommand->fire()
#8 C:\xampp\htdocs\Base\vendor\laravel\framework\src\Illuminate\Container\Container.php(526): call_user_func_array:{C:\xampp\htdocs\Base\vendor\laravel\framework\src\Illuminate\Container\Container.php:526}()
#9 C:\xampp\htdocs\Base\vendor\laravel\framework\src\Illuminate\Console\Command.php(115): Illuminate\Container\Container->call()
#10 C:\xampp\htdocs\Base\vendor\symfony\console\Symfony\Component\Console\Command\Command.php(257): Illuminate\Console\Command->execute()
#11 C:\xampp\htdocs\Base\vendor\laravel\framework\src\Illuminate\Console\Command.php(101): Symfony\Component\Console\Command\Command->run()
#12 C:\xampp\htdocs\Base\vendor\laravel\framework\src\Illuminate\Console\Command.php(131): Illuminate\Console\Command->run()
#13 C:\xampp\htdocs\Base\vendor\laravel\framework\src\Illuminate\Database\Console\Migrations\RefreshCommand.php(47): Illuminate\Console\Command->call()
#14 C:\xampp\htdocs\Base\vendor\laravel\framework\src\Illuminate\Container\Container.php(526): Illuminate\Database\Console\Migrations\RefreshCommand->fire()
#15 C:\xampp\htdocs\Base\vendor\laravel\framework\src\Illuminate\Container\Container.php(526): call_user_func_array:{C:\xampp\htdocs\Base\vendor\laravel\framework\src\Illuminate\Container\Container.php:526}()
#16 C:\xampp\htdocs\Base\vendor\laravel\framework\src\Illuminate\Console\Command.php(115): Illuminate\Container\Container->call()
#17 C:\xampp\htdocs\Base\vendor\symfony\console\Symfony\Component\Console\Command\Command.php(257): Illuminate\Console\Command->execute()
#18 C:\xampp\htdocs\Base\vendor\laravel\framework\src\Illuminate\Console\Command.php(101): Symfony\Component\Console\Command\Command->run()
#19 C:\xampp\htdocs\Base\vendor\symfony\console\Symfony\Component\Console\Application.php(874): Illuminate\Console\Command->run()
#20 C:\xampp\htdocs\Base\vendor\symfony\console\Symfony\Component\Console\Application.php(195): Symfony\Component\Console\Application->doRunCommand()
#21 C:\xampp\htdocs\Base\vendor\symfony\console\Symfony\Component\Console\Application.php(126): Symfony\Component\Console\Application->doRun()
#22 C:\xampp\htdocs\Base\vendor\laravel\framework\src\Illuminate\Foundation\Console\Kernel.php(94): Symfony\Component\Console\Application->run()
#23 C:\xampp\htdocs\Base\artisan(36): Illuminate\Foundation\Console\Kernel->handle()
#24 C:\xampp\htdocs\Base\artisan(0): {main}()
#25 {main}  
[2015-09-01 00:25:04] local.ERROR: exception 'Symfony\Component\Debug\Exception\FatalErrorException' with message 'Class 'Schemma' not found' in C:\xampp\htdocs\Base\database\migrations\2015_09_01_000710_create_table_ciudad.php:15
Stack trace:
#0 C:\xampp\htdocs\Base\vendor\laravel\framework\src\Illuminate\Foundation\Bootstrap\HandleExceptions.php(131): Symfony\Component\Debug\Exception\FatalErrorException->__construct()
#1 C:\xampp\htdocs\Base\vendor\laravel\framework\src\Illuminate\Foundation\Bootstrap\HandleExceptions.php(116): Illuminate\Foundation\Bootstrap\HandleExceptions->fatalExceptionFromError()
#2 C:\xampp\htdocs\Base\vendor\laravel\framework\src\Illuminate\Foundation\Bootstrap\HandleExceptions.php(0): Illuminate\Foundation\Bootstrap\HandleExceptions->handleShutdown()
#3 C:\xampp\htdocs\Base\vendor\laravel\framework\src\Illuminate\Database\Migrations\Migrator.php(135): CreateTableCiudad->up()
#4 C:\xampp\htdocs\Base\vendor\laravel\framework\src\Illuminate\Database\Migrations\Migrator.php(111): Illuminate\Database\Migrations\Migrator->runUp()
#5 C:\xampp\htdocs\Base\vendor\laravel\framework\src\Illuminate\Database\Migrations\Migrator.php(82): Illuminate\Database\Migrations\Migrator->runMigrationList()
#6 C:\xampp\htdocs\Base\vendor\laravel\framework\src\Illuminate\Database\Console\Migrations\MigrateCommand.php(73): Illuminate\Database\Migrations\Migrator->run()
#7 C:\xampp\htdocs\Base\vendor\laravel\framework\src\Illuminate\Container\Container.php(526): Illuminate\Database\Console\Migrations\MigrateCommand->fire()
#8 C:\xampp\htdocs\Base\vendor\laravel\framework\src\Illuminate\Container\Container.php(526): call_user_func_array:{C:\xampp\htdocs\Base\vendor\laravel\framework\src\Illuminate\Container\Container.php:526}()
#9 C:\xampp\htdocs\Base\vendor\laravel\framework\src\Illuminate\Console\Command.php(115): Illuminate\Container\Container->call()
#10 C:\xampp\htdocs\Base\vendor\symfony\console\Symfony\Component\Console\Command\Command.php(257): Illuminate\Console\Command->execute()
#11 C:\xampp\htdocs\Base\vendor\laravel\framework\src\Illuminate\Console\Command.php(101): Symfony\Component\Console\Command\Command->run()
#12 C:\xampp\htdocs\Base\vendor\laravel\framework\src\Illuminate\Console\Command.php(131): Illuminate\Console\Command->run()
#13 C:\xampp\htdocs\Base\vendor\laravel\framework\src\Illuminate\Database\Console\Migrations\RefreshCommand.php(47): Illuminate\Console\Command->call()
#14 C:\xampp\htdocs\Base\vendor\laravel\framework\src\Illuminate\Container\Container.php(526): Illuminate\Database\Console\Migrations\RefreshCommand->fire()
#15 C:\xampp\htdocs\Base\vendor\laravel\framework\src\Illuminate\Container\Container.php(526): call_user_func_array:{C:\xampp\htdocs\Base\vendor\laravel\framework\src\Illuminate\Container\Container.php:526}()
#16 C:\xampp\htdocs\Base\vendor\laravel\framework\src\Illuminate\Console\Command.php(115): Illuminate\Container\Container->call()
#17 C:\xampp\htdocs\Base\vendor\symfony\console\Symfony\Component\Console\Command\Command.php(257): Illuminate\Console\Command->execute()
#18 C:\xampp\htdocs\Base\vendor\laravel\framework\src\Illuminate\Console\Command.php(101): Symfony\Component\Console\Command\Command->run()
#19 C:\xampp\htdocs\Base\vendor\symfony\console\Symfony\Component\Console\Application.php(874): Illuminate\Console\Command->run()
#20 C:\xampp\htdocs\Base\vendor\symfony\console\Symfony\Component\Console\Application.php(195): Symfony\Component\Console\Application->doRunCommand()
#21 C:\xampp\htdocs\Base\vendor\symfony\console\Symfony\Component\Console\Application.php(126): Symfony\Component\Console\Application->doRun()
#22 C:\xampp\htdocs\Base\vendor\laravel\framework\src\Illuminate\Foundation\Console\Kernel.php(94): Symfony\Component\Console\Application->run()
#23 C:\xampp\htdocs\Base\artisan(36): Illuminate\Foundation\Console\Kernel->handle()
#24 C:\xampp\htdocs\Base\artisan(0): {main}()
#25 {main}  
[2015-09-01 00:25:22] local.ERROR: exception 'Symfony\Component\Debug\Exception\FatalErrorException' with message 'Class 'Schemma' not found' in C:\xampp\htdocs\Base\database\migrations\2015_09_01_000710_create_table_ciudad.php:15
Stack trace:
#0 C:\xampp\htdocs\Base\vendor\laravel\framework\src\Illuminate\Foundation\Bootstrap\HandleExceptions.php(131): Symfony\Component\Debug\Exception\FatalErrorException->__construct()
#1 C:\xampp\htdocs\Base\vendor\laravel\framework\src\Illuminate\Foundation\Bootstrap\HandleExceptions.php(116): Illuminate\Foundation\Bootstrap\HandleExceptions->fatalExceptionFromError()
#2 C:\xampp\htdocs\Base\vendor\laravel\framework\src\Illuminate\Foundation\Bootstrap\HandleExceptions.php(0): Illuminate\Foundation\Bootstrap\HandleExceptions->handleShutdown()
#3 C:\xampp\htdocs\Base\vendor\laravel\framework\src\Illuminate\Database\Migrations\Migrator.php(135): CreateTableCiudad->up()
#4 C:\xampp\htdocs\Base\vendor\laravel\framework\src\Illuminate\Database\Migrations\Migrator.php(111): Illuminate\Database\Migrations\Migrator->runUp()
#5 C:\xampp\htdocs\Base\vendor\laravel\framework\src\Illuminate\Database\Migrations\Migrator.php(82): Illuminate\Database\Migrations\Migrator->runMigrationList()
#6 C:\xampp\htdocs\Base\vendor\laravel\framework\src\Illuminate\Database\Console\Migrations\MigrateCommand.php(73): Illuminate\Database\Migrations\Migrator->run()
#7 C:\xampp\htdocs\Base\vendor\laravel\framework\src\Illuminate\Container\Container.php(526): Illuminate\Database\Console\Migrations\MigrateCommand->fire()
#8 C:\xampp\htdocs\Base\vendor\laravel\framework\src\Illuminate\Container\Container.php(526): call_user_func_array:{C:\xampp\htdocs\Base\vendor\laravel\framework\src\Illuminate\Container\Container.php:526}()
#9 C:\xampp\htdocs\Base\vendor\laravel\framework\src\Illuminate\Console\Command.php(115): Illuminate\Container\Container->call()
#10 C:\xampp\htdocs\Base\vendor\symfony\console\Symfony\Component\Console\Command\Command.php(257): Illuminate\Console\Command->execute()
#11 C:\xampp\htdocs\Base\vendor\laravel\framework\src\Illuminate\Console\Command.php(101): Symfony\Component\Console\Command\Command->run()
#12 C:\xampp\htdocs\Base\vendor\laravel\framework\src\Illuminate\Console\Command.php(131): Illuminate\Console\Command->run()
#13 C:\xampp\htdocs\Base\vendor\laravel\framework\src\Illuminate\Database\Console\Migrations\RefreshCommand.php(47): Illuminate\Console\Command->call()
#14 C:\xampp\htdocs\Base\vendor\laravel\framework\src\Illuminate\Container\Container.php(526): Illuminate\Database\Console\Migrations\RefreshCommand->fire()
#15 C:\xampp\htdocs\Base\vendor\laravel\framework\src\Illuminate\Container\Container.php(526): call_user_func_array:{C:\xampp\htdocs\Base\vendor\laravel\framework\src\Illuminate\Container\Container.php:526}()
#16 C:\xampp\htdocs\Base\vendor\laravel\framework\src\Illuminate\Console\Command.php(115): Illuminate\Container\Container->call()
#17 C:\xampp\htdocs\Base\vendor\symfony\console\Symfony\Component\Console\Command\Command.php(257): Illuminate\Console\Command->execute()
#18 C:\xampp\htdocs\Base\vendor\laravel\framework\src\Illuminate\Console\Command.php(101): Symfony\Component\Console\Command\Command->run()
#19 C:\xampp\htdocs\Base\vendor\symfony\console\Symfony\Component\Console\Application.php(874): Illuminate\Console\Command->run()
#20 C:\xampp\htdocs\Base\vendor\symfony\console\Symfony\Component\Console\Application.php(195): Symfony\Component\Console\Application->doRunCommand()
#21 C:\xampp\htdocs\Base\vendor\symfony\console\Symfony\Component\Console\Application.php(126): Symfony\Component\Console\Application->doRun()
#22 C:\xampp\htdocs\Base\vendor\laravel\framework\src\Illuminate\Foundation\Console\Kernel.php(94): Symfony\Component\Console\Application->run()
#23 C:\xampp\htdocs\Base\artisan(36): Illuminate\Foundation\Console\Kernel->handle()
#24 C:\xampp\htdocs\Base\artisan(0): {main}()
#25 {main}  
